<?xml version="1.0" encoding="UTF-8"?>
<testng-results ignored="0" total="1" passed="1" failed="0" skipped="0">
  <reporter-output>
  </reporter-output>
  <suite started-at="2021-07-23T16:07:50 EEST" name="Daily Treasury" finished-at="2021-07-23T16:08:07 EEST" duration-ms="16381">
    <groups>
    </groups>
    <test started-at="2021-07-23T16:07:50 EEST" name="Test" finished-at="2021-07-23T16:08:07 EEST" duration-ms="16381">
      <class name="com.bottomline.tests.LoginTest">
        <test-method is-config="true" signature="beforeClass()[pri:0, instance:com.bottomline.tests.LoginTest@6ac13091]" started-at="2021-07-23T16:07:50 EEST" name="beforeClass" finished-at="2021-07-23T16:07:55 EEST" duration-ms="4138" status="PASS">
          <reporter-output>
          </reporter-output>
        </test-method> <!-- beforeClass -->
        <test-method signature="login()[pri:0, instance:com.bottomline.tests.LoginTest@6ac13091]" started-at="2021-07-23T16:07:55 EEST" name="login" finished-at="2021-07-23T16:08:07 EEST" duration-ms="11950" status="PASS">
          <reporter-output>
          </reporter-output>
        </test-method> <!-- login -->
        <test-method is-config="true" signature="afterClass()[pri:0, instance:com.bottomline.tests.LoginTest@6ac13091]" started-at="2021-07-23T16:08:07 EEST" name="afterClass" finished-at="2021-07-23T16:08:07 EEST" duration-ms="247" status="PASS">
          <reporter-output>
          </reporter-output>
        </test-method> <!-- afterClass -->
      </class> <!-- com.bottomline.tests.LoginTest -->
    </test> <!-- Test -->
  </suite> <!-- Daily Treasury -->
</testng-results>
