<?xml version="1.0" encoding="UTF-8"?>
<testng-results ignored="0" total="2" passed="2" failed="0" skipped="0">
  <reporter-output>
  </reporter-output>
  <suite started-at="2021-07-21T14:20:47 EEST" name="Default suite" finished-at="2021-07-21T14:20:57 EEST" duration-ms="10353">
    <groups>
    </groups>
    <test started-at="2021-07-21T14:20:47 EEST" name="Default test" finished-at="2021-07-21T14:20:57 EEST" duration-ms="10353">
      <class name="LegacyApplication.MavenJava.SeleniumTest">
        <test-method signature="TestOne()[pri:0, instance:LegacyApplication.MavenJava.SeleniumTest@22e357dc]" started-at="2021-07-21T14:20:47 EEST" name="TestOne" description="First Test" finished-at="2021-07-21T14:20:57 EEST" duration-ms="10306" status="PASS">
          <reporter-output>
          </reporter-output>
        </test-method> <!-- TestOne -->
        <test-method signature="TestTwo()[pri:0, instance:LegacyApplication.MavenJava.SeleniumTest@22e357dc]" started-at="2021-07-21T14:20:57 EEST" name="TestTwo" description="Second Test" finished-at="2021-07-21T14:20:57 EEST" duration-ms="1" status="PASS">
          <reporter-output>
          </reporter-output>
        </test-method> <!-- TestTwo -->
      </class> <!-- LegacyApplication.MavenJava.SeleniumTest -->
    </test> <!-- Default test -->
  </suite> <!-- Default suite -->
</testng-results>
