<?xml version="1.0" encoding="UTF-8"?>
<testng-results ignored="0" total="1" passed="1" failed="0" skipped="0">
  <reporter-output>
  </reporter-output>
  <suite started-at="2021-07-23T12:28:12 EEST" name="Daily Treasury" finished-at="2021-07-23T12:28:27 EEST" duration-ms="14701">
    <groups>
    </groups>
    <test started-at="2021-07-23T12:28:12 EEST" name="Test" finished-at="2021-07-23T12:28:27 EEST" duration-ms="14701">
      <class name="com.bottomline.tests.LoginTest">
        <test-method is-config="true" signature="beforeClass()[pri:0, instance:com.bottomline.tests.LoginTest@6a192cfe]" started-at="2021-07-23T12:28:12 EEST" name="beforeClass" finished-at="2021-07-23T12:28:18 EEST" duration-ms="5587" status="PASS">
          <reporter-output>
          </reporter-output>
        </test-method> <!-- beforeClass -->
        <test-method signature="login()[pri:0, instance:com.bottomline.tests.LoginTest@6a192cfe]" started-at="2021-07-23T12:28:18 EEST" name="login" finished-at="2021-07-23T12:28:27 EEST" duration-ms="9038" status="PASS">
          <reporter-output>
          </reporter-output>
        </test-method> <!-- login -->
      </class> <!-- com.bottomline.tests.LoginTest -->
    </test> <!-- Test -->
  </suite> <!-- Daily Treasury -->
</testng-results>
